<?xml version="1.0" encoding="UTF-8"?>
<testsuite name="com.virtualassistance.baseclass.Testsuites.WelcomeScreen" tests="3" skipped="0" failures="0" errors="0" timestamp="2018-08-24T20:24:20" hostname="MLIVE-LP922" time="1.651">
  <properties/>
  <testcase name="jsondata" classname="com.virtualassistance.baseclass.Testsuites.WelcomeScreen" time="0.095"/>
  <testcase name="test1_AC1_EnterNameOnWelcomeScreen" classname="com.virtualassistance.baseclass.Testsuites.WelcomeScreen" time="0.474"/>
  <testcase name="test2_Ac2_WelcomeScreen" classname="com.virtualassistance.baseclass.Testsuites.WelcomeScreen" time="1.078"/>
  <system-out><![CDATA[TestCasejsondata start
INFO: WelcomeScreen: Verifying 'Start Chat_VA_Chat_Bubble2_Response3' text 
INFO: WelcomeScreen: Verifying 'Start Chat_VA_Chat_Bubble2_Response4' text 
INFO: WelcomeScreen: Verifying 'Start Chat_VA_Chat_Bubble2_Response1' text 
TestCasetest1_AC1_EnterNameOnWelcomeScreen start
StartTestCase: WelcomeScreen: Starting welcomeObjectsDisplayed_Testcase
Welcome screen Header : Welcome
INFO: WelcomeScreen: Verifying Welcome page title
Welcome screen Header : To get started, please enter your name below:
INFO: WelcomeScreen: Verifying Welcome page header
INFO: WelcomeScreen: Entering the text in the chat box
INFO: WelcomeScreen: Verifying the Start chat button
EndTestCase: WelcomeScreen: Ending welcomeObjectsDisplayed_testcase
TestCasetest2_Ac2_WelcomeScreen start
StartTestCase: WelcomeScreen: Starting welcomeObjectsDisplayed_testcase
Bubble0 text: o hai
INFO: WelcomeScreen: Verifying Bubble0 is displayed
Bubble1 text: : o hai yourself
INFO: WelcomeScreen: Verifying Bubble1 is displayed
INFO: WelcomeScreen: Initiating chat
INFO: WelcomeScreen: Sending text to the chat box
Bubble3 text: stub reply 1: just a text message
INFO: WelcomeScreen: Verifying Bubble3 is displayed
Bubble4 text: stub reply 2: with one picture and 1 quick response
INFO: WelcomeScreen: Verifying Bubble4 is displayed
EndTestCase: WelcomeScreen: End of test case Test2_Ac2
]]></system-out>
  <system-err><![CDATA[]]></system-err>
</testsuite>
